<?xml version="1.0" encoding="UTF-8"?>
<!-- Generated by org.testng.reporters.JUnitReportReporter -->
<testsuite hostname="DESKTOP-QON3UKL" name="radiobuttons.Checkbox2" tests="1" failures="0" timestamp="21 Mar 2018 10:50:22 GMT" time="27.316" errors="0">
  <testcase name="login" time="27.316" classname="radiobuttons.Checkbox2"/>
</testsuite> <!-- radiobuttons.Checkbox2 -->
