<?xml version="1.0" encoding="UTF-8"?>
<!-- Generated by org.testng.reporters.JUnitReportReporter -->
<testsuite hostname="DESKTOP-QON3UKL" name="TestNG.Window_Scroll" tests="2" failures="0" timestamp="27 Jun 2018 05:18:22 GMT" time="15.436" errors="0">
  <testcase name="scroll123" time="0.048" classname="TestNG.Window_Scroll"/>
  <testcase name="invokebrowser" time="15.388" classname="TestNG.Window_Scroll"/>
</testsuite> <!-- TestNG.Window_Scroll -->
