<?xml version="1.0" encoding="UTF-8"?>
<!-- Generated by org.testng.reporters.JUnitReportReporter -->
<testsuite skipped="0" hostname="DESKTOP-QON3UKL" name="TestNG.ScreenShot" tests="1" failures="0" timestamp="27 Jul 2018 15:41:10 GMT" time="31.312" errors="0">
  <testcase name="login" time="31.312" classname="TestNG.ScreenShot"/>
</testsuite> <!-- TestNG.ScreenShot -->
