<?xml version="1.0" encoding="UTF-8"?>
<!-- Generated by org.testng.reporters.JUnitReportReporter -->
<testsuite hostname="DESKTOP-QON3UKL" name="TestNG.BasicTestNG" tests="1" failures="0" timestamp="17 Mar 2018 18:51:16 GMT" time="32.966" errors="0">
  <testcase name="login" time="32.966" classname="TestNG.BasicTestNG"/>
</testsuite> <!-- TestNG.BasicTestNG -->
