<?xml version="1.0" encoding="UTF-8"?>
<!-- Generated by org.testng.reporters.JUnitReportReporter -->
<testsuite hostname="DESKTOP-QON3UKL" name="radiobuttons.CheckBxRadioBtn" tests="1" failures="0" timestamp="21 Mar 2018 18:20:37 GMT" time="28.852" errors="0">
  <testcase name="login" time="28.852" classname="radiobuttons.CheckBxRadioBtn"/>
</testsuite> <!-- radiobuttons.CheckBxRadioBtn -->
