<?xml version="1.0" encoding="UTF-8"?>
<!-- Generated by org.testng.reporters.JUnitReportReporter -->
<testsuite hostname="DESKTOP-QON3UKL" name="Realtime.Alerts" tests="1" failures="0" timestamp="20 Mar 2018 17:32:47 GMT" time="21.088" errors="0">
  <testcase name="login" time="21.088" classname="Realtime.Alerts"/>
</testsuite> <!-- Realtime.Alerts -->
