<?xml version="1.0" encoding="UTF-8"?>
<!-- Generated by org.testng.reporters.JUnitReportReporter -->
<testsuite hostname="DESKTOP-QON3UKL" name="redbus.Rbus" tests="1" failures="0" timestamp="29 May 2018 11:51:02 GMT" time="37.579" errors="0">
  <testcase name="bus1" time="37.579" classname="redbus.Rbus"/>
</testsuite> <!-- redbus.Rbus -->
