<?xml version="1.0" encoding="UTF-8"?>
<!-- Generated by org.testng.reporters.JUnitReportReporter -->
<testsuite hostname="DESKTOP-QON3UKL" name="project.Actitime_2" tests="2" failures="0" timestamp="25 Jun 2018 06:56:17 GMT" time="55.942" errors="0">
  <testcase name="test1" time="51.478" classname="project.Actitime_2"/>
  <testcase name="test2" time="4.464" classname="project.Actitime_2"/>
</testsuite> <!-- project.Actitime_2 -->
