<?xml version="1.0" encoding="UTF-8"?>
<!-- Generated by org.testng.reporters.JUnitReportReporter -->
<testsuite hostname="DESKTOP-QON3UKL" name="Realtime.ScrollDown" tests="1" failures="0" timestamp="27 Jun 2018 05:14:21 GMT" time="40.404" errors="0">
  <testcase name="login" time="40.404" classname="Realtime.ScrollDown"/>
</testsuite> <!-- Realtime.ScrollDown -->
