<?xml version="1.0" encoding="UTF-8"?>
<!-- Generated by org.testng.reporters.JUnitReportReporter -->
<testsuite hostname="DESKTOP-QON3UKL" name="radiobuttons.Checkbox1" tests="1" failures="0" timestamp="21 Mar 2018 10:41:11 GMT" time="23.428" errors="0">
  <testcase name="login" time="23.428" classname="radiobuttons.Checkbox1"/>
</testsuite> <!-- radiobuttons.Checkbox1 -->
