<?xml version="1.0" encoding="UTF-8"?>
<!-- Generated by org.testng.reporters.JUnitReportReporter -->
<testsuite hostname="DESKTOP-QON3UKL" name="Realtime.Brow_Cmds" tests="1" failures="0" timestamp="21 Mar 2018 18:48:02 GMT" time="34.755" errors="0">
  <testcase name="login" time="34.755" classname="Realtime.Brow_Cmds"/>
</testsuite> <!-- Realtime.Brow_Cmds -->
