<?xml version="1.0" encoding="UTF-8"?>
<!-- Generated by org.testng.reporters.JUnitReportReporter -->
<testsuite hostname="DESKTOP-QON3UKL" name="radiobuttons.Checkbox" tests="1" failures="0" timestamp="21 Mar 2018 18:38:00 GMT" time="29.170" errors="0">
  <testcase name="login" time="29.170" classname="radiobuttons.Checkbox"/>
</testsuite> <!-- radiobuttons.Checkbox -->
