<?xml version="1.0" encoding="UTF-8"?>
<!-- Generated by org.testng.reporters.JUnitReportReporter -->
<testsuite hostname="DESKTOP-QON3UKL" name="TestNG.Provider" tests="3" failures="0" timestamp="25 Jun 2018 13:03:16 GMT" time="85.285" errors="0">
  <testcase name="loginPage" time="25.304" classname="TestNG.Provider"/>
  <testcase name="logout1" time="16.449" classname="TestNG.Provider"/>
  <testcase name="loginPage" time="43.532" classname="TestNG.Provider"/>
</testsuite> <!-- TestNG.Provider -->
