<?xml version="1.0" encoding="UTF-8"?>
<!-- Generated by org.testng.reporters.JUnitReportReporter -->
<testsuite hostname="DESKTOP-QON3UKL" name="Realtime.Windowhandles" tests="1" failures="0" timestamp="20 Mar 2018 18:27:35 GMT" time="26.199" errors="0">
  <testcase name="login" time="26.199" classname="Realtime.Windowhandles"/>
</testsuite> <!-- Realtime.Windowhandles -->
